<?xml version="1.0" encoding="UTF-8"?>
<!-- Generated by org.testng.reporters.JUnitReportReporter -->
<testsuite hostname="DESKTOP-E3LC8FD" failures="0" tests="1" name="api.utilities.ExcelUtilities" time="3.712" errors="0" timestamp="2025-07-26T17:03:29 IST" skipped="0">
  <testcase classname="api.utilities.ExcelUtilities" name="test1" time="3.712"/>
</testsuite> <!-- api.utilities.ExcelUtilities -->
